Using pre-set license
Built from '2022.3/staging' branch; Version is '2022.3.40f1 (cbdda657d2f0) revision 13360550'; Using compiler version '192829333'; Build Type 'Release'
OS: 'Windows 10  (10.0.19045) 64bit Professional' Language: 'es' Physical Memory: 14244 MB
BatchMode: 1, IsHumanControllingUs: 0, StartBugReporterOnCrash: 0, Is64bit: 1, IsPro: 1

COMMAND LINE ARGUMENTS:
D:\Unity\2022.3.40f1\Editor\Unity.exe
-adb2
-batchMode
-noUpm
-name
AssetImportWorker2
-projectPath
D:/Unity/Distancia/DEIM/VenturaManuelSampedroSantamaria
-logFile
Logs/AssetImportWorker2.log
-srvPort
59045
Successfully changed project path to: D:/Unity/Distancia/DEIM/VenturaManuelSampedroSantamaria
D:/Unity/Distancia/DEIM/VenturaManuelSampedroSantamaria
[UnityMemory] Configuration Parameters - Can be set up in boot.config
    "memorysetup-bucket-allocator-granularity=16"
    "memorysetup-bucket-allocator-bucket-count=8"
    "memorysetup-bucket-allocator-block-size=33554432"
    "memorysetup-bucket-allocator-block-count=8"
    "memorysetup-main-allocator-block-size=16777216"
    "memorysetup-thread-allocator-block-size=16777216"
    "memorysetup-gfx-main-allocator-block-size=16777216"
    "memorysetup-gfx-thread-allocator-block-size=16777216"
    "memorysetup-cache-allocator-block-size=4194304"
    "memorysetup-typetree-allocator-block-size=2097152"
    "memorysetup-profiler-bucket-allocator-granularity=16"
    "memorysetup-profiler-bucket-allocator-bucket-count=8"
    "memorysetup-profiler-bucket-allocator-block-size=33554432"
    "memorysetup-profiler-bucket-allocator-block-count=8"
    "memorysetup-profiler-allocator-block-size=16777216"
    "memorysetup-profiler-editor-allocator-block-size=1048576"
    "memorysetup-temp-allocator-size-main=16777216"
    "memorysetup-job-temp-allocator-block-size=2097152"
    "memorysetup-job-temp-allocator-block-size-background=1048576"
    "memorysetup-job-temp-allocator-reduction-small-platforms=262144"
    "memorysetup-allocator-temp-initial-block-size-main=262144"
    "memorysetup-allocator-temp-initial-block-size-worker=262144"
    "memorysetup-temp-allocator-size-background-worker=32768"
    "memorysetup-temp-allocator-size-job-worker=262144"
    "memorysetup-temp-allocator-size-preload-manager=33554432"
    "memorysetup-temp-allocator-size-nav-mesh-worker=65536"
    "memorysetup-temp-allocator-size-audio-worker=65536"
    "memorysetup-temp-allocator-size-cloud-worker=32768"
    "memorysetup-temp-allocator-size-gi-baking-worker=262144"
    "memorysetup-temp-allocator-size-gfx=262144"
Player connection [60184]  Target information:

Player connection [60184]  * "[IP] 192.168.3.8 [Port] 0 [Flags] 2 [Guid] 4112674144 [EditorId] 4112674144 [Version] 1048832 [Id] WindowsEditor(7,DESKTOP-GPMFM0P) [Debug] 1 [PackageName] WindowsEditor [ProjectName] Editor" 

Player connection [60184] Host joined multi-casting on [225.0.0.222:54997]...
Player connection [60184] Host joined alternative multi-casting on [225.0.0.222:34997]...
[PhysX] Initialized MultithreadedTaskDispatcher with 16 workers.
Refreshing native plugins compatible for Editor in 8.54 ms, found 3 plugins.
Preloading 0 native plugins for Editor in 0.00 ms.
Initialize engine version: 2022.3.40f1 (cbdda657d2f0)
[Subsystems] Discovering subsystems at path D:/Unity/2022.3.40f1/Editor/Data/Resources/UnitySubsystems
[Subsystems] Discovering subsystems at path D:/Unity/Distancia/DEIM/VenturaManuelSampedroSantamaria/Assets
GfxDevice: creating device client; threaded=0; jobified=0
Direct3D:
    Version:  Direct3D 11.0 [level 11.1]
    Renderer: NVIDIA GeForce GTX 1660 SUPER (ID=0x21c4)
    Vendor:   NVIDIA
    VRAM:     5966 MB
    Driver:   32.0.15.6094
Initialize mono
Mono path[0] = 'D:/Unity/2022.3.40f1/Editor/Data/Managed'
Mono path[1] = 'D:/Unity/2022.3.40f1/Editor/Data/MonoBleedingEdge/lib/mono/unityjit-win32'
Mono config path = 'D:/Unity/2022.3.40f1/Editor/Data/MonoBleedingEdge/etc'
Using monoOptions --debugger-agent=transport=dt_socket,embedding=1,server=y,suspend=n,address=127.0.0.1:56356
Begin MonoManager ReloadAssembly
Registering precompiled unity dll's ...
Register platform support module: D:/Unity/2022.3.40f1/Editor/Data/PlaybackEngines/AndroidPlayer/UnityEditor.Android.Extensions.dll
Register platform support module: D:/Unity/2022.3.40f1/Editor/Data/PlaybackEngines/WindowsStandaloneSupport/UnityEditor.WindowsStandalone.Extensions.dll
Register platform support module: D:/Unity/2022.3.40f1/Editor/Data/PlaybackEngines/MetroSupport/UnityEditor.UWP.Extensions.dll
Registered in 0.005944 seconds.
- Loaded All Assemblies, in  0.338 seconds
Native extension for UWP target not found
Native extension for WindowsStandalone target not found
Native extension for Android target not found
Android Extension - Scanning For ADB Devices 326 ms
Mono: successfully reloaded assembly
- Finished resetting the current domain, in  0.616 seconds
Domain Reload Profiling: 955ms
	BeginReloadAssembly (118ms)
		ExecutionOrderSort (0ms)
		DisableScriptedObjects (0ms)
		BackupInstance (0ms)
		ReleaseScriptingObjects (0ms)
		CreateAndSetChildDomain (1ms)
	RebuildCommonClasses (29ms)
	RebuildNativeTypeToScriptingClass (8ms)
	initialDomainReloadingComplete (46ms)
	LoadAllAssembliesAndSetupDomain (137ms)
		LoadAssemblies (119ms)
		RebuildTransferFunctionScriptingTraits (0ms)
		AnalyzeDomain (134ms)
			TypeCache.Refresh (132ms)
				TypeCache.ScanAssembly (121ms)
			ScanForSourceGeneratedMonoScriptInfo (0ms)
			ResolveRequiredComponents (1ms)
	FinalizeReload (617ms)
		ReleaseScriptCaches (0ms)
		RebuildScriptCaches (0ms)
		SetupLoadedEditorAssemblies (579ms)
			LogAssemblyErrors (0ms)
			InitializePlatformSupportModulesInManaged (431ms)
			SetLoadedEditorAssemblies (3ms)
			RefreshPlugins (0ms)
			BeforeProcessingInitializeOnLoad (2ms)
			ProcessInitializeOnLoadAttributes (102ms)
			ProcessInitializeOnLoadMethodAttributes (40ms)
			AfterProcessingInitializeOnLoad (0ms)
			EditorAssembliesLoaded (0ms)
		ExecutionOrderSort2 (0ms)
		AwakeInstancesAfterBackupRestoration (0ms)
========================================================================
Worker process is ready to serve import requests
Caller must complete domain reload
Begin MonoManager ReloadAssembly
- Loaded All Assemblies, in  0.589 seconds
Native extension for UWP target not found
Native extension for WindowsStandalone target not found
Native extension for Android target not found
Package Manager log level set to [2]
[Package Manager] Server::EnsureServerProcessIsRunning -- launch failed, reason: Unity was launched with the -noUpm command-line argument
[Package Manager] UpmClient::Send -- Unable to send message (not connected to UPM process).
[Package Manager] Cannot connect to Unity Package Manager local server
Mono: successfully reloaded assembly
- Finished resetting the current domain, in  0.516 seconds
Domain Reload Profiling: 1105ms
	BeginReloadAssembly (154ms)
		ExecutionOrderSort (0ms)
		DisableScriptedObjects (5ms)
		BackupInstance (0ms)
		ReleaseScriptingObjects (0ms)
		CreateAndSetChildDomain (25ms)
	RebuildCommonClasses (28ms)
	RebuildNativeTypeToScriptingClass (8ms)
	initialDomainReloadingComplete (34ms)
	LoadAllAssembliesAndSetupDomain (364ms)
		LoadAssemblies (292ms)
		RebuildTransferFunctionScriptingTraits (0ms)
		AnalyzeDomain (169ms)
			TypeCache.Refresh (152ms)
				TypeCache.ScanAssembly (137ms)
			ScanForSourceGeneratedMonoScriptInfo (12ms)
			ResolveRequiredComponents (4ms)
	FinalizeReload (517ms)
		ReleaseScriptCaches (0ms)
		RebuildScriptCaches (0ms)
		SetupLoadedEditorAssemblies (388ms)
			LogAssemblyErrors (0ms)
			InitializePlatformSupportModulesInManaged (20ms)
			SetLoadedEditorAssemblies (3ms)
			RefreshPlugins (0ms)
			BeforeProcessingInitializeOnLoad (45ms)
			ProcessInitializeOnLoadAttributes (298ms)
			ProcessInitializeOnLoadMethodAttributes (20ms)
			AfterProcessingInitializeOnLoad (2ms)
			EditorAssembliesLoaded (0ms)
		ExecutionOrderSort2 (0ms)
		AwakeInstancesAfterBackupRestoration (6ms)
Launched and connected shader compiler UnityShaderCompiler.exe after 0.07 seconds
Refreshing native plugins compatible for Editor in 2.92 ms, found 3 plugins.
Preloading 0 native plugins for Editor in 0.00 ms.
Unloading 3114 Unused Serialized files (Serialized files now loaded: 0)
Unloading 19 unused Assets / (54.6 KB). Loaded Objects now: 3584.
Memory consumption went from 126.1 MB to 126.0 MB.
Total: 2.884400 ms (FindLiveObjects: 0.230600 ms CreateObjectMapping: 0.072100 ms MarkObjects: 2.480500 ms  DeleteObjects: 0.099700 ms)

AssetImportParameters requested are different than current active one (requested -> active):
  custom:container-demuxer-ogg: 62fdf1f143b41e24485cea50d1cbac27 -> 
  custom:video-decoder-ogg-theora: a1e56fd34408186e4bbccfd4996cb3dc -> 
  custom:framework-win-MediaFoundation: 216162199b28c13a410421893ffa2e32 -> 
  custom:CustomObjectIndexerAttribute: 9a22284fe3817be447336de3de66b15e -> 
  custom:container-demuxer-webm: 4f35f7cbe854078d1ac9338744f61a02 -> 
  custom:container-muxer-webm: aa71ff27fc2769a1b78a27578f13a17b -> 
  custom:video-decoder-webm-vp8: 9c59270c3fd7afecdb556c50c9e8de78 -> 
  custom:SearchIndexIgnoredProperties: e643bd26f0fe6173181afceb89e7c659 -> 
  custom:AudioImporter_EditorPlatform: d09bf68614088b80899f8185d706f6e7 -> 
  custom:video-encoder-webm-vp8: eb34c28f22e8b96e1ab97ce403110664 -> 
  custom:audio-decoder-ogg-vorbis: bf7c407c2cedff20999df2af8eb42d56 -> 
  custom:audio-encoder-webm-vorbis: bf7c407c2cedff20999df2af8eb42d56 -> 
========================================================================
Received Import Request.
  Time since last request: 349435.237713 seconds.
  path: Assets/Ejercicio/Supercyan Character Pack Animal People Sample
  artifactKey: Guid(2a47b83e1c3dd3442bbaae61ef744922) Importer(815301076,1909f56bfc062723c751e8b465ee728b)
Start importing Assets/Ejercicio/Supercyan Character Pack Animal People Sample using Guid(2a47b83e1c3dd3442bbaae61ef744922) Importer(815301076,1909f56bfc062723c751e8b465ee728b) [PhysX] Initialized MultithreadedTaskDispatcher with 16 workers.
 -> (artifact id: '16c15dee44113f9c3bf5a2bd6c709caf') in 0.002985 seconds
Number of updated asset objects reloaded before import = 0
Number of asset objects unloaded after import = 0
========================================================================
Received Import Request.
  Time since last request: 5.328524 seconds.
  path: Assets/Ejercicio/Supercyan Character Pack Zombie Sample
  artifactKey: Guid(3d9429658e560004b99d224688533b72) Importer(815301076,1909f56bfc062723c751e8b465ee728b)
Start importing Assets/Ejercicio/Supercyan Character Pack Zombie Sample using Guid(3d9429658e560004b99d224688533b72) Importer(815301076,1909f56bfc062723c751e8b465ee728b) [PhysX] Initialized MultithreadedTaskDispatcher with 16 workers.
 -> (artifact id: '96b81a1fb57210014c8ec5246017569b') in 0.000572 seconds
Number of updated asset objects reloaded before import = 0
Number of asset objects unloaded after import = 0
========================================================================
Received Import Request.
  Time since last request: 4.131924 seconds.
  path: Assets/Ejercicio/Supercyan Character Pack Animal People Sample/Animations
  artifactKey: Guid(4e9d382c4fafdc2478525f4f913f7139) Importer(815301076,1909f56bfc062723c751e8b465ee728b)
Start importing Assets/Ejercicio/Supercyan Character Pack Animal People Sample/Animations using Guid(4e9d382c4fafdc2478525f4f913f7139) Importer(815301076,1909f56bfc062723c751e8b465ee728b) [PhysX] Initialized MultithreadedTaskDispatcher with 16 workers.
 -> (artifact id: 'f6440dc57c61c5076bcbe7beae1a704d') in 0.000467 seconds
Number of updated asset objects reloaded before import = 0
Number of asset objects unloaded after import = 0
========================================================================
Received Import Request.
  Time since last request: 0.419929 seconds.
  path: Assets/Ejercicio/Supercyan Character Pack Animal People Sample/AnimatorControllers
  artifactKey: Guid(9595fc824c7f60747a81393f4d5ab1f0) Importer(815301076,1909f56bfc062723c751e8b465ee728b)
Start importing Assets/Ejercicio/Supercyan Character Pack Animal People Sample/AnimatorControllers using Guid(9595fc824c7f60747a81393f4d5ab1f0) Importer(815301076,1909f56bfc062723c751e8b465ee728b) [PhysX] Initialized MultithreadedTaskDispatcher with 16 workers.
 -> (artifact id: 'b3b424061fb07f3efda318593fc0cd3a') in 0.000831 seconds
Number of updated asset objects reloaded before import = 0
Number of asset objects unloaded after import = 0
========================================================================
Received Import Request.
  Time since last request: 0.367633 seconds.
  path: Assets/Ejercicio/Supercyan Character Pack Animal People Sample/Materials
  artifactKey: Guid(2b98ab9fbf67fda4ea99d3445b858829) Importer(815301076,1909f56bfc062723c751e8b465ee728b)
Start importing Assets/Ejercicio/Supercyan Character Pack Animal People Sample/Materials using Guid(2b98ab9fbf67fda4ea99d3445b858829) Importer(815301076,1909f56bfc062723c751e8b465ee728b) [PhysX] Initialized MultithreadedTaskDispatcher with 16 workers.
 -> (artifact id: 'e9dd337fcbfa620400da4a0c01c263bc') in 0.000507 seconds
Number of updated asset objects reloaded before import = 0
Number of asset objects unloaded after import = 0
========================================================================
Received Import Request.
  Time since last request: 0.336029 seconds.
  path: Assets/Ejercicio/Supercyan Character Pack Animal People Sample/Models
  artifactKey: Guid(7830847d4b31a164aa4bf4851d8b792a) Importer(815301076,1909f56bfc062723c751e8b465ee728b)
Start importing Assets/Ejercicio/Supercyan Character Pack Animal People Sample/Models using Guid(7830847d4b31a164aa4bf4851d8b792a) Importer(815301076,1909f56bfc062723c751e8b465ee728b) [PhysX] Initialized MultithreadedTaskDispatcher with 16 workers.
 -> (artifact id: '9e90506be4dea5eee23a630e53cc1a9a') in 0.000485 seconds
Number of updated asset objects reloaded before import = 0
Number of asset objects unloaded after import = 0
========================================================================
Received Import Request.
  Time since last request: 0.074586 seconds.
  path: Assets/Ejercicio/Supercyan Character Pack Animal People Sample/Models/animal_people_backpack_1_freeSample_onGround.fbx
  artifactKey: Guid(aa8b73cb909bf154ab50f2b4e329cd20) Importer(815301076,1909f56bfc062723c751e8b465ee728b)
Start importing Assets/Ejercicio/Supercyan Character Pack Animal People Sample/Models/animal_people_backpack_1_freeSample_onGround.fbx using Guid(aa8b73cb909bf154ab50f2b4e329cd20) Importer(815301076,1909f56bfc062723c751e8b465ee728b) [PhysX] Initialized MultithreadedTaskDispatcher with 16 workers.
[PhysX] Initialized MultithreadedTaskDispatcher with 16 workers.
[PhysX] Initialized MultithreadedTaskDispatcher with 16 workers.
 -> (artifact id: 'a056bda61ff16a680bd87928422861a8') in 0.100194 seconds
Number of updated asset objects reloaded before import = 0
Number of asset objects unloaded after import = 7
========================================================================
Received Import Request.
  Time since last request: 7.218670 seconds.
  path: Assets/Ejercicio/Supercyan Character Pack Zombie Sample/Models
  artifactKey: Guid(e49518ac9f5dc65498ba5a8f8aa38300) Importer(815301076,1909f56bfc062723c751e8b465ee728b)
Start importing Assets/Ejercicio/Supercyan Character Pack Zombie Sample/Models using Guid(e49518ac9f5dc65498ba5a8f8aa38300) Importer(815301076,1909f56bfc062723c751e8b465ee728b) [PhysX] Initialized MultithreadedTaskDispatcher with 16 workers.
 -> (artifact id: 'e96475fcef19d1bb5b8ffd1eb5c9891d') in 0.000454 seconds
Number of updated asset objects reloaded before import = 0
Number of asset objects unloaded after import = 0
========================================================================
Received Import Request.
  Time since last request: 0.046944 seconds.
  path: Assets/Ejercicio/Supercyan Character Pack Zombie Sample/Models/Character_Pack_Zombie_Sample.FBX
  artifactKey: Guid(8c53cffd52097cf4582f0a090c9a833e) Importer(815301076,1909f56bfc062723c751e8b465ee728b)
Start importing Assets/Ejercicio/Supercyan Character Pack Zombie Sample/Models/Character_Pack_Zombie_Sample.FBX using Guid(8c53cffd52097cf4582f0a090c9a833e) Importer(815301076,1909f56bfc062723c751e8b465ee728b) [PhysX] Initialized MultithreadedTaskDispatcher with 16 workers.
[PhysX] Initialized MultithreadedTaskDispatcher with 16 workers.
[PhysX] Initialized MultithreadedTaskDispatcher with 16 workers.
[PhysX] Initialized MultithreadedTaskDispatcher with 16 workers.
 -> (artifact id: '4344c5f03b38763c10d360d8a5cb0bad') in 0.046003 seconds
Number of updated asset objects reloaded before import = 0
Number of asset objects unloaded after import = 66
========================================================================
Received Import Request.
  Time since last request: 18.027778 seconds.
  path: Assets/Ejercicio/Materials/Ground.mat
  artifactKey: Guid(34fe806631496a24ebc07e43e41aa144) Importer(815301076,1909f56bfc062723c751e8b465ee728b)
Start importing Assets/Ejercicio/Materials/Ground.mat using Guid(34fe806631496a24ebc07e43e41aa144) Importer(815301076,1909f56bfc062723c751e8b465ee728b) [PhysX] Initialized MultithreadedTaskDispatcher with 16 workers.
[PhysX] Initialized MultithreadedTaskDispatcher with 16 workers.
 -> (artifact id: 'efc2edb4d7d37e955a8c4f924f1f28be') in 0.025189 seconds
Number of updated asset objects reloaded before import = 0
Number of asset objects unloaded after import = 1
========================================================================
Received Import Request.
  Time since last request: 6.897118 seconds.
  path: Assets/Ejercicio/Supercyan Character Pack Animal People Sample/Scenes
  artifactKey: Guid(fcdc7809db518e44d9ee65209cc419a4) Importer(815301076,1909f56bfc062723c751e8b465ee728b)
Start importing Assets/Ejercicio/Supercyan Character Pack Animal People Sample/Scenes using Guid(fcdc7809db518e44d9ee65209cc419a4) Importer(815301076,1909f56bfc062723c751e8b465ee728b) [PhysX] Initialized MultithreadedTaskDispatcher with 16 workers.
 -> (artifact id: '896cfefdd808f7e43e75562d614af0c4') in 0.000469 seconds
Number of updated asset objects reloaded before import = 0
Number of asset objects unloaded after import = 0
========================================================================
Received Import Request.
  Time since last request: 1.265388 seconds.
  path: Assets/Ejercicio/Supercyan Character Pack Animal People Sample/Scenes/DemoScene
  artifactKey: Guid(834c7d83bfdac054c94b4388bb016343) Importer(815301076,1909f56bfc062723c751e8b465ee728b)
Start importing Assets/Ejercicio/Supercyan Character Pack Animal People Sample/Scenes/DemoScene using Guid(834c7d83bfdac054c94b4388bb016343) Importer(815301076,1909f56bfc062723c751e8b465ee728b) [PhysX] Initialized MultithreadedTaskDispatcher with 16 workers.
 -> (artifact id: '9f40d0cc3f198f27897d0baf1741bf34') in 0.000468 seconds
Number of updated asset objects reloaded before import = 0
Number of asset objects unloaded after import = 0
========================================================================
Received Import Request.
  Time since last request: 0.093741 seconds.
  path: Assets/Ejercicio/Supercyan Character Pack Animal People Sample/Scenes/DemoScene/LightingData.asset
  artifactKey: Guid(98b2126fca2f02c4d9b721a5fd6038eb) Importer(815301076,1909f56bfc062723c751e8b465ee728b)
Start importing Assets/Ejercicio/Supercyan Character Pack Animal People Sample/Scenes/DemoScene/LightingData.asset using Guid(98b2126fca2f02c4d9b721a5fd6038eb) Importer(815301076,1909f56bfc062723c751e8b465ee728b) [PhysX] Initialized MultithreadedTaskDispatcher with 16 workers.
 -> (artifact id: 'f452d02a9d87d80f0f6e212285f6df63') in 0.001175 seconds
Number of updated asset objects reloaded before import = 0
Number of asset objects unloaded after import = 2
========================================================================
Received Import Request.
  Time since last request: 4.902570 seconds.
  path: Assets/Ejercicio/Supercyan Character Pack Animal People Sample/Prefabs
  artifactKey: Guid(0ca6c04a64135ea429efd013a89a1a5a) Importer(815301076,1909f56bfc062723c751e8b465ee728b)
Start importing Assets/Ejercicio/Supercyan Character Pack Animal People Sample/Prefabs using Guid(0ca6c04a64135ea429efd013a89a1a5a) Importer(815301076,1909f56bfc062723c751e8b465ee728b) [PhysX] Initialized MultithreadedTaskDispatcher with 16 workers.
 -> (artifact id: '2d4d480d531ef08a273c72771515012e') in 0.000754 seconds
Number of updated asset objects reloaded before import = 0
Number of asset objects unloaded after import = 0
========================================================================
Received Import Request.
  Time since last request: 0.048104 seconds.
  path: Assets/Ejercicio/Supercyan Character Pack Animal People Sample/Prefabs/Player.prefab
  artifactKey: Guid(1ee78bd83f02aa146b78b40b156da066) Importer(815301076,1909f56bfc062723c751e8b465ee728b)
Start importing Assets/Ejercicio/Supercyan Character Pack Animal People Sample/Prefabs/Player.prefab using Guid(1ee78bd83f02aa146b78b40b156da066) Importer(815301076,1909f56bfc062723c751e8b465ee728b) [PhysX] Initialized MultithreadedTaskDispatcher with 16 workers.
[PhysX] Initialized MultithreadedTaskDispatcher with 16 workers.
 -> (artifact id: 'eff9e5ebe5e6c0090631ec9f6ff0e04f') in 0.198361 seconds
Number of updated asset objects reloaded before import = 0
Number of asset objects unloaded after import = 239
========================================================================
Received Import Request.
  Time since last request: 27.369130 seconds.
  path: Assets/Ejercicio/Supercyan Character Pack Animal People Sample/Prefabs/WithAccessoryLogic
  artifactKey: Guid(9697e952681ac9e43a7addd0106cae15) Importer(815301076,1909f56bfc062723c751e8b465ee728b)
Start importing Assets/Ejercicio/Supercyan Character Pack Animal People Sample/Prefabs/WithAccessoryLogic using Guid(9697e952681ac9e43a7addd0106cae15) Importer(815301076,1909f56bfc062723c751e8b465ee728b) [PhysX] Initialized MultithreadedTaskDispatcher with 16 workers.
 -> (artifact id: '32dc7ded507aea22f65e9ed14437a224') in 0.000517 seconds
Number of updated asset objects reloaded before import = 0
Number of asset objects unloaded after import = 0
========================================================================
Received Import Request.
  Time since last request: 1.196292 seconds.
  path: Assets/Ejercicio/Supercyan Character Pack Animal People Sample/Prefabs/WithAccessoryLogic/Mobile
  artifactKey: Guid(d7a4439d3704016479a6cfd9ee8da822) Importer(815301076,1909f56bfc062723c751e8b465ee728b)
Start importing Assets/Ejercicio/Supercyan Character Pack Animal People Sample/Prefabs/WithAccessoryLogic/Mobile using Guid(d7a4439d3704016479a6cfd9ee8da822) Importer(815301076,1909f56bfc062723c751e8b465ee728b) [PhysX] Initialized MultithreadedTaskDispatcher with 16 workers.
 -> (artifact id: '216700719e59565b7723c6e386919409') in 0.000462 seconds
Number of updated asset objects reloaded before import = 0
Number of asset objects unloaded after import = 0
========================================================================
Received Import Request.
  Time since last request: 0.032981 seconds.
  path: Assets/Ejercicio/Supercyan Character Pack Animal People Sample/Prefabs/WithAccessoryLogic/Mobile/Mobile_animal_people_backpack_1_freeSample_onWear_WithAccessoryLogic.prefab
  artifactKey: Guid(9ad274d43e74bb94d966e467d81bd936) Importer(815301076,1909f56bfc062723c751e8b465ee728b)
Start importing Assets/Ejercicio/Supercyan Character Pack Animal People Sample/Prefabs/WithAccessoryLogic/Mobile/Mobile_animal_people_backpack_1_freeSample_onWear_WithAccessoryLogic.prefab using Guid(9ad274d43e74bb94d966e467d81bd936) Importer(815301076,1909f56bfc062723c751e8b465ee728b) [PhysX] Initialized MultithreadedTaskDispatcher with 16 workers.
[PhysX] Initialized MultithreadedTaskDispatcher with 16 workers.
 -> (artifact id: '99278f36b820ab75fcd53c5e83f1557a') in 0.074065 seconds
Number of updated asset objects reloaded before import = 0
Number of asset objects unloaded after import = 195
========================================================================
Received Import Request.
  Time since last request: 5.805245 seconds.
  path: Assets/Ejercicio/Supercyan Character Pack Animal People Sample/Prefabs/Simple Movement
  artifactKey: Guid(611b6992a2d95884fba7bba1374440eb) Importer(815301076,1909f56bfc062723c751e8b465ee728b)
Start importing Assets/Ejercicio/Supercyan Character Pack Animal People Sample/Prefabs/Simple Movement using Guid(611b6992a2d95884fba7bba1374440eb) Importer(815301076,1909f56bfc062723c751e8b465ee728b) [PhysX] Initialized MultithreadedTaskDispatcher with 16 workers.
 -> (artifact id: 'cc93cbc690d86c9b7e1d53630bcdf1f1') in 0.000484 seconds
Number of updated asset objects reloaded before import = 0
Number of asset objects unloaded after import = 0
========================================================================
Received Import Request.
  Time since last request: 1.285289 seconds.
  path: Assets/Ejercicio/Supercyan Character Pack Animal People Sample/Prefabs/Simple Movement/Mobile
  artifactKey: Guid(dbde7f91bdc7eef43901a6148ab3fc3b) Importer(815301076,1909f56bfc062723c751e8b465ee728b)
Start importing Assets/Ejercicio/Supercyan Character Pack Animal People Sample/Prefabs/Simple Movement/Mobile using Guid(dbde7f91bdc7eef43901a6148ab3fc3b) Importer(815301076,1909f56bfc062723c751e8b465ee728b) [PhysX] Initialized MultithreadedTaskDispatcher with 16 workers.
 -> (artifact id: '9d30f19c164834b241ac91ef9a0fde81') in 0.000457 seconds
Number of updated asset objects reloaded before import = 0
Number of asset objects unloaded after import = 0
========================================================================
Received Import Request.
  Time since last request: 0.052654 seconds.
  path: Assets/Ejercicio/Supercyan Character Pack Animal People Sample/Prefabs/Simple Movement/Mobile/Mobile_animal_people_wolf_1_SimpleMovement.prefab
  artifactKey: Guid(8abc6602ebebe8049b23ed8678c589d6) Importer(815301076,1909f56bfc062723c751e8b465ee728b)
Start importing Assets/Ejercicio/Supercyan Character Pack Animal People Sample/Prefabs/Simple Movement/Mobile/Mobile_animal_people_wolf_1_SimpleMovement.prefab using Guid(8abc6602ebebe8049b23ed8678c589d6) Importer(815301076,1909f56bfc062723c751e8b465ee728b) [PhysX] Initialized MultithreadedTaskDispatcher with 16 workers.
[PhysX] Initialized MultithreadedTaskDispatcher with 16 workers.
 -> (artifact id: 'a6fb3ca716842de72760792c2cff61c7') in 0.023071 seconds
Number of updated asset objects reloaded before import = 0
Number of asset objects unloaded after import = 247
========================================================================
Received Import Request.
  Time since last request: 6.564096 seconds.
  path: Assets/Ejercicio/Supercyan Character Pack Animal People Sample/Prefabs/Base
  artifactKey: Guid(a0b41705f262bdc4ba66546213cffcb0) Importer(815301076,1909f56bfc062723c751e8b465ee728b)
Start importing Assets/Ejercicio/Supercyan Character Pack Animal People Sample/Prefabs/Base using Guid(a0b41705f262bdc4ba66546213cffcb0) Importer(815301076,1909f56bfc062723c751e8b465ee728b) [PhysX] Initialized MultithreadedTaskDispatcher with 16 workers.
 -> (artifact id: '8b6dcbfb066a32a842f958693b340e7c') in 0.000551 seconds
Number of updated asset objects reloaded before import = 0
Number of asset objects unloaded after import = 0
========================================================================
Received Import Request.
  Time since last request: 0.978012 seconds.
  path: Assets/Ejercicio/Supercyan Character Pack Animal People Sample/Prefabs/Base/High Quality
  artifactKey: Guid(7574f6f9abe3a62489012257f5ef765b) Importer(815301076,1909f56bfc062723c751e8b465ee728b)
Start importing Assets/Ejercicio/Supercyan Character Pack Animal People Sample/Prefabs/Base/High Quality using Guid(7574f6f9abe3a62489012257f5ef765b) Importer(815301076,1909f56bfc062723c751e8b465ee728b) [PhysX] Initialized MultithreadedTaskDispatcher with 16 workers.
 -> (artifact id: 'a11bfda3e04162f591dc2bdd39d3a049') in 0.000495 seconds
Number of updated asset objects reloaded before import = 0
Number of asset objects unloaded after import = 0
========================================================================
Received Import Request.
  Time since last request: 0.197658 seconds.
  path: Assets/Ejercicio/Supercyan Character Pack Animal People Sample/Prefabs/Base/High Quality/animal_people_backpack_1_freeSample_onGround.prefab
  artifactKey: Guid(5e3a6423dd2074a4aa75f45ae23b0740) Importer(815301076,1909f56bfc062723c751e8b465ee728b)
Start importing Assets/Ejercicio/Supercyan Character Pack Animal People Sample/Prefabs/Base/High Quality/animal_people_backpack_1_freeSample_onGround.prefab using Guid(5e3a6423dd2074a4aa75f45ae23b0740) Importer(815301076,1909f56bfc062723c751e8b465ee728b) [PhysX] Initialized MultithreadedTaskDispatcher with 16 workers.
[PhysX] Initialized MultithreadedTaskDispatcher with 16 workers.
 -> (artifact id: '06bd08e528e99a5aa68367c3d52831ca') in 0.014296 seconds
Number of updated asset objects reloaded before import = 0
Number of asset objects unloaded after import = 16
========================================================================
Received Import Request.
  Time since last request: 0.012001 seconds.
  path: Assets/Ejercicio/Supercyan Character Pack Animal People Sample/Prefabs/Base/High Quality/animal_people_wolf_1.prefab
  artifactKey: Guid(b3d22c566a40cfe45bfc575a822257f4) Importer(815301076,1909f56bfc062723c751e8b465ee728b)
Start importing Assets/Ejercicio/Supercyan Character Pack Animal People Sample/Prefabs/Base/High Quality/animal_people_wolf_1.prefab using Guid(b3d22c566a40cfe45bfc575a822257f4) Importer(815301076,1909f56bfc062723c751e8b465ee728b) [PhysX] Initialized MultithreadedTaskDispatcher with 16 workers.
[PhysX] Initialized MultithreadedTaskDispatcher with 16 workers.
 -> (artifact id: '6de88ece0ffbd2e048b3f17c73a707fe') in 0.025783 seconds
Number of updated asset objects reloaded before import = 0
Number of asset objects unloaded after import = 173
========================================================================
Received Import Request.
  Time since last request: 0.000031 seconds.
  path: Assets/Ejercicio/Supercyan Character Pack Animal People Sample/Prefabs/Base/High Quality/animal_people_beanie_wolf_1_onWear.prefab
  artifactKey: Guid(12318cbff4065d342a786caeb2c4e568) Importer(815301076,1909f56bfc062723c751e8b465ee728b)
Start importing Assets/Ejercicio/Supercyan Character Pack Animal People Sample/Prefabs/Base/High Quality/animal_people_beanie_wolf_1_onWear.prefab using Guid(12318cbff4065d342a786caeb2c4e568) Importer(815301076,1909f56bfc062723c751e8b465ee728b) [PhysX] Initialized MultithreadedTaskDispatcher with 16 workers.
[PhysX] Initialized MultithreadedTaskDispatcher with 16 workers.
 -> (artifact id: '87f1ac7e016f3315fd1e6b191bb32d33') in 0.016347 seconds
Number of updated asset objects reloaded before import = 0
Number of asset objects unloaded after import = 130
========================================================================
Received Import Request.
  Time since last request: 0.000018 seconds.
  path: Assets/Ejercicio/Supercyan Character Pack Animal People Sample/Prefabs/Base/High Quality/animal_people_beanie_wolf_1_onGround.prefab
  artifactKey: Guid(d43967593543b5a42bbf60e146338aec) Importer(815301076,1909f56bfc062723c751e8b465ee728b)
Start importing Assets/Ejercicio/Supercyan Character Pack Animal People Sample/Prefabs/Base/High Quality/animal_people_beanie_wolf_1_onGround.prefab using Guid(d43967593543b5a42bbf60e146338aec) Importer(815301076,1909f56bfc062723c751e8b465ee728b) [PhysX] Initialized MultithreadedTaskDispatcher with 16 workers.
[PhysX] Initialized MultithreadedTaskDispatcher with 16 workers.
 -> (artifact id: '6a00e87d306bb8b1c6e71060712e23f1') in 0.016500 seconds
Number of updated asset objects reloaded before import = 0
Number of asset objects unloaded after import = 16
Editor requested this worker to shutdown with reason: Scaling down because of idle timeout
TcpMessagingSession - receive error: operation aborted. errorcode: 995, details: La operación de E/S se anuló por una salida de subproceso o por una solicitud de aplicación.
AssetImportWorker is now disconnected from the server
Process exiting
Exiting without the bug reporter. Application will terminate with return code 0